[01-Oct-2018 22:14:51 UTC] PHP Fatal error:  Maximum execution time of 300 seconds exceeded in /home/ubuntu/workspace/workspace/work/labs/4-slider/index.php on line 50
[01-Oct-2018 22:14:51 UTC] PHP Stack trace:
[01-Oct-2018 22:14:51 UTC] PHP   1. {main}() /home/ubuntu/workspace/workspace/work/labs/4-slider/index.php:0
[01-Oct-2018 22:45:37 UTC] PHP Warning:  Missing argument 2 for getImageURLs(), called in /home/ubuntu/workspace/workspace/work/labs/4-slider/index.php on line 11 and defined in /home/ubuntu/workspace/workspace/work/labs/4-slider/api/pixabayAPI.php on line 4
[01-Oct-2018 22:45:37 UTC] PHP Stack trace:
[01-Oct-2018 22:45:37 UTC] PHP   1. {main}() /home/ubuntu/workspace/workspace/work/labs/4-slider/index.php:0
[01-Oct-2018 22:45:37 UTC] PHP   2. getImageURLs() /home/ubuntu/workspace/workspace/work/labs/4-slider/index.php:11
[01-Oct-2018 22:45:52 UTC] PHP Warning:  Missing argument 2 for getImageURLs(), called in /home/ubuntu/workspace/workspace/work/labs/4-slider/index.php on line 11 and defined in /home/ubuntu/workspace/workspace/work/labs/4-slider/api/pixabayAPI.php on line 4
[01-Oct-2018 22:45:52 UTC] PHP Stack trace:
[01-Oct-2018 22:45:52 UTC] PHP   1. {main}() /home/ubuntu/workspace/workspace/work/labs/4-slider/index.php:0
[01-Oct-2018 22:45:52 UTC] PHP   2. getImageURLs() /home/ubuntu/workspace/workspace/work/labs/4-slider/index.php:11
[01-Oct-2018 22:46:27 UTC] PHP Warning:  Missing argument 2 for getImageURLs(), called in /home/ubuntu/workspace/workspace/work/labs/4-slider/index.php on line 11 and defined in /home/ubuntu/workspace/workspace/work/labs/4-slider/api/pixabayAPI.php on line 4
[01-Oct-2018 22:46:27 UTC] PHP Stack trace:
[01-Oct-2018 22:46:27 UTC] PHP   1. {main}() /home/ubuntu/workspace/workspace/work/labs/4-slider/index.php:0
[01-Oct-2018 22:46:27 UTC] PHP   2. getImageURLs() /home/ubuntu/workspace/workspace/work/labs/4-slider/index.php:11
[01-Oct-2018 22:47:02 UTC] PHP Warning:  Missing argument 2 for getImageURLs(), called in /home/ubuntu/workspace/workspace/work/labs/4-slider/index.php on line 11 and defined in /home/ubuntu/workspace/workspace/work/labs/4-slider/api/pixabayAPI.php on line 4
[01-Oct-2018 22:47:02 UTC] PHP Stack trace:
[01-Oct-2018 22:47:02 UTC] PHP   1. {main}() /home/ubuntu/workspace/workspace/work/labs/4-slider/index.php:0
[01-Oct-2018 22:47:02 UTC] PHP   2. getImageURLs() /home/ubuntu/workspace/workspace/work/labs/4-slider/index.php:11
[02-Oct-2018 00:58:21 UTC] PHP Warning:  Missing argument 2 for getImageURLs(), called in /home/ubuntu/workspace/workspace/work/labs/4-slider/index.php on line 8 and defined in /home/ubuntu/workspace/workspace/work/labs/4-slider/api/pixabayAPI.php on line 4
[02-Oct-2018 00:58:21 UTC] PHP Stack trace:
[02-Oct-2018 00:58:21 UTC] PHP   1. {main}() /home/ubuntu/workspace/workspace/work/labs/4-slider/index.php:0
[02-Oct-2018 00:58:21 UTC] PHP   2. getImageURLs() /home/ubuntu/workspace/workspace/work/labs/4-slider/index.php:8
[02-Oct-2018 00:58:22 UTC] PHP Fatal error:  Cannot redeclare getImageURLs() (previously declared in /home/ubuntu/workspace/workspace/work/labs/4-slider/api/pixabayAPI.php:4) in /home/ubuntu/workspace/workspace/work/labs/4-slider/api/pixabayAPI.php on line 4
[02-Oct-2018 00:58:22 UTC] PHP Stack trace:
[02-Oct-2018 00:58:22 UTC] PHP   1. {main}() /home/ubuntu/workspace/workspace/work/labs/4-slider/index.php:0
[02-Oct-2018 00:58:34 UTC] PHP Warning:  Missing argument 2 for getImageURLs(), called in /home/ubuntu/workspace/workspace/work/labs/4-slider/index.php on line 8 and defined in /home/ubuntu/workspace/workspace/work/labs/4-slider/api/pixabayAPI.php on line 4
[02-Oct-2018 00:58:34 UTC] PHP Stack trace:
[02-Oct-2018 00:58:34 UTC] PHP   1. {main}() /home/ubuntu/workspace/workspace/work/labs/4-slider/index.php:0
[02-Oct-2018 00:58:34 UTC] PHP   2. getImageURLs() /home/ubuntu/workspace/workspace/work/labs/4-slider/index.php:8
[02-Oct-2018 00:58:35 UTC] PHP Fatal error:  Cannot redeclare getImageURLs() (previously declared in /home/ubuntu/workspace/workspace/work/labs/4-slider/api/pixabayAPI.php:4) in /home/ubuntu/workspace/workspace/work/labs/4-slider/api/pixabayAPI.php on line 4
[02-Oct-2018 00:58:35 UTC] PHP Stack trace:
[02-Oct-2018 00:58:35 UTC] PHP   1. {main}() /home/ubuntu/workspace/workspace/work/labs/4-slider/index.php:0
[02-Oct-2018 00:59:09 UTC] PHP Fatal error:  Cannot redeclare getImageURLs() (previously declared in /home/ubuntu/workspace/workspace/work/labs/4-slider/api/pixabayAPI.php:4) in /home/ubuntu/workspace/workspace/work/labs/4-slider/api/pixabayAPI.php on line 4
[02-Oct-2018 00:59:09 UTC] PHP Stack trace:
[02-Oct-2018 00:59:09 UTC] PHP   1. {main}() /home/ubuntu/workspace/workspace/work/labs/4-slider/index.php:0
[02-Oct-2018 01:05:22 UTC] PHP Fatal error:  Cannot use isset() on the result of an expression (you can use "null !== expression" instead) in /home/ubuntu/workspace/workspace/work/labs/4-slider/index.php on line 11
[02-Oct-2018 01:14:19 UTC] PHP Warning:  array_rand() expects parameter 1 to be array, null given in /home/ubuntu/workspace/workspace/work/labs/4-slider/index.php on line 14
[02-Oct-2018 01:14:19 UTC] PHP Stack trace:
[02-Oct-2018 01:14:19 UTC] PHP   1. {main}() /home/ubuntu/workspace/workspace/work/labs/4-slider/index.php:0
[02-Oct-2018 01:14:19 UTC] PHP   2. array_rand() /home/ubuntu/workspace/workspace/work/labs/4-slider/index.php:14
[02-Oct-2018 01:14:19 UTC] PHP Warning:  array_rand() expects parameter 1 to be array, null given in /home/ubuntu/workspace/workspace/work/labs/4-slider/index.php on line 14
[02-Oct-2018 01:14:19 UTC] PHP Stack trace:
[02-Oct-2018 01:14:19 UTC] PHP   1. {main}() /home/ubuntu/workspace/workspace/work/labs/4-slider/index.php:0
[02-Oct-2018 01:14:19 UTC] PHP   2. array_rand() /home/ubuntu/workspace/workspace/work/labs/4-slider/index.php:14
[02-Oct-2018 01:14:30 UTC] PHP Warning:  array_rand() expects parameter 1 to be array, null given in /home/ubuntu/workspace/workspace/work/labs/4-slider/index.php on line 14
[02-Oct-2018 01:14:30 UTC] PHP Stack trace:
[02-Oct-2018 01:14:30 UTC] PHP   1. {main}() /home/ubuntu/workspace/workspace/work/labs/4-slider/index.php:0
[02-Oct-2018 01:14:30 UTC] PHP   2. array_rand() /home/ubuntu/workspace/workspace/work/labs/4-slider/index.php:14
[02-Oct-2018 01:14:31 UTC] PHP Warning:  array_rand() expects parameter 1 to be array, null given in /home/ubuntu/workspace/workspace/work/labs/4-slider/index.php on line 14
[02-Oct-2018 01:14:31 UTC] PHP Stack trace:
[02-Oct-2018 01:14:31 UTC] PHP   1. {main}() /home/ubuntu/workspace/workspace/work/labs/4-slider/index.php:0
[02-Oct-2018 01:14:31 UTC] PHP   2. array_rand() /home/ubuntu/workspace/workspace/work/labs/4-slider/index.php:14
[02-Oct-2018 01:14:49 UTC] PHP Warning:  array_rand() expects parameter 1 to be array, null given in /home/ubuntu/workspace/workspace/work/labs/4-slider/index.php on line 14
[02-Oct-2018 01:14:49 UTC] PHP Stack trace:
[02-Oct-2018 01:14:49 UTC] PHP   1. {main}() /home/ubuntu/workspace/workspace/work/labs/4-slider/index.php:0
[02-Oct-2018 01:14:49 UTC] PHP   2. array_rand() /home/ubuntu/workspace/workspace/work/labs/4-slider/index.php:14
[02-Oct-2018 01:14:49 UTC] PHP Warning:  array_rand() expects parameter 1 to be array, null given in /home/ubuntu/workspace/workspace/work/labs/4-slider/index.php on line 14
[02-Oct-2018 01:14:49 UTC] PHP Stack trace:
[02-Oct-2018 01:14:49 UTC] PHP   1. {main}() /home/ubuntu/workspace/workspace/work/labs/4-slider/index.php:0
[02-Oct-2018 01:14:49 UTC] PHP   2. array_rand() /home/ubuntu/workspace/workspace/work/labs/4-slider/index.php:14
[02-Oct-2018 02:18:55 UTC] PHP Warning:  array_rand() expects parameter 1 to be array, null given in /home/ubuntu/workspace/workspace/work/labs/4-slider/index.php on line 14
[02-Oct-2018 02:18:55 UTC] PHP Stack trace:
[02-Oct-2018 02:18:55 UTC] PHP   1. {main}() /home/ubuntu/workspace/workspace/work/labs/4-slider/index.php:0
[02-Oct-2018 02:18:55 UTC] PHP   2. array_rand() /home/ubuntu/workspace/workspace/work/labs/4-slider/index.php:14
[02-Oct-2018 02:18:56 UTC] PHP Warning:  array_rand() expects parameter 1 to be array, null given in /home/ubuntu/workspace/workspace/work/labs/4-slider/index.php on line 14
[02-Oct-2018 02:18:56 UTC] PHP Stack trace:
[02-Oct-2018 02:18:56 UTC] PHP   1. {main}() /home/ubuntu/workspace/workspace/work/labs/4-slider/index.php:0
[02-Oct-2018 02:18:56 UTC] PHP   2. array_rand() /home/ubuntu/workspace/workspace/work/labs/4-slider/index.php:14
